<?xml version="1.0" encoding="UTF-8"?>
<testng-results skipped="0" failed="0" total="1" passed="1">
  <reporter-output>
  </reporter-output>
  <suite name="Default suite" duration-ms="43571" started-at="2019-01-30T01:55:38Z" finished-at="2019-01-30T01:56:21Z">
    <groups>
    </groups>
    <test name="Default test" duration-ms="43571" started-at="2019-01-30T01:55:38Z" finished-at="2019-01-30T01:56:21Z">
      <class name="pom.LoginTest_POM">
        <test-method status="PASS" signature="login()[pri:0, instance:pom.LoginTest_POM@396a51ab]" name="login" duration-ms="43463" started-at="2019-01-30T07:25:38Z" finished-at="2019-01-30T07:26:21Z">
          <reporter-output>
          </reporter-output>
        </test-method> <!-- login -->
      </class> <!-- pom.LoginTest_POM -->
    </test> <!-- Default test -->
  </suite> <!-- Default suite -->
</testng-results>
